
=== Fri Dec 28 17:09:05 2018

Packages were changed.
Update Mode: updateDependencies

The following packages were added:
  com.unity.collab-proxy@1.2.15
The following packages were updated:
  com.unity.ads from version 2.0.8 to 2.3.1
  com.unity.analytics from version 2.0.16 to 3.2.2
  com.unity.package-manager-ui from version 1.9.11 to 2.0.3
  com.unity.textmeshpro from version 1.2.4 to 1.3.0

=== Sat Sep 11 13:06:17 2021

Packages were changed.
Update Mode: updateDependencies

The following packages were added:
  com.unity.2d.sprite@1.0.0
  com.unity.2d.tilemap@1.0.0
  com.unity.ide.rider@2.0.7
  com.unity.ide.visualstudio@2.0.7
  com.unity.ide.vscode@1.2.3
  com.unity.modules.androidjni@1.0.0
  com.unity.test-framework@1.1.24
  com.unity.timeline@1.4.6
  com.unity.ugui@1.0.0
  com.unity.xr.legacyinputhelpers@2.1.7
The following packages were updated:
  com.unity.ads from version 2.3.1 to 3.6.1
  com.unity.analytics from version 3.2.2 to 3.5.3
  com.unity.collab-proxy from version 1.2.15 to 1.3.9
  com.unity.purchasing from version 2.0.3 to 2.2.2
  com.unity.textmeshpro from version 1.3.0 to 3.0.1
The following packages were removed:
  com.unity.package-manager-ui@2.0.3

=== Fri Feb 10 14:21:54 2023

Packages were changed.
Update Mode: updateDependencies

The following packages were added:
  com.unity.ai.navigation@1.1.1
The following packages were updated:
  com.unity.ads from version 3.6.1 to 4.4.1
  com.unity.analytics from version 3.5.3 to 3.8.1
  com.unity.collab-proxy from version 1.3.9 to 2.0.0
  com.unity.ide.rider from version 2.0.7 to 3.0.18
  com.unity.ide.visualstudio from version 2.0.7 to 2.0.17
  com.unity.ide.vscode from version 1.2.3 to 1.2.5
  com.unity.purchasing from version 2.2.2 to 4.5.2
  com.unity.test-framework from version 1.1.24 to 1.1.33
  com.unity.textmeshpro from version 3.0.1 to 3.0.6
  com.unity.timeline from version 1.4.6 to 1.7.2
  com.unity.xr.legacyinputhelpers from version 2.1.7 to 2.1.10

=== Wed Mar  8 09:27:49 2023

Packages were changed.
Update Mode: updateDependencies

The following packages were updated:
  com.unity.purchasing from version 4.5.2 to 4.6.0
  com.unity.timeline from version 1.7.2 to 1.7.3
