Using pre-set license
Built from '2022.2/staging' branch; Version is '2022.2.8f1 (996aee41dc57) revision 10054382'; Using compiler version '192829333'; Build Type 'Release'
OS: 'Windows 10  (10.0.19045) 64bit Core' Language: 'da' Physical Memory: 8148 MB
BatchMode: 1, IsHumanControllingUs: 0, StartBugReporterOnCrash: 0, Is64bit: 1, IsPro: 1

COMMAND LINE ARGUMENTS:
C:\Program Files\Unity\Hub\Editor\2022.2.8f1\Editor\Unity.exe
-adb2
-batchMode
-noUpm
-name
AssetImportWorker4
-projectPath
D:/Documents/UniMappe/6 semester/P6/P6github
-logFile
Logs/AssetImportWorker4.log
-srvPort
61088
Successfully changed project path to: D:/Documents/UniMappe/6 semester/P6/P6github
D:/Documents/UniMappe/6 semester/P6/P6github
[UnityMemory] Configuration Parameters - Can be set up in boot.config
    "memorysetup-bucket-allocator-granularity=16"
    "memorysetup-bucket-allocator-bucket-count=8"
    "memorysetup-bucket-allocator-block-size=33554432"
    "memorysetup-bucket-allocator-block-count=8"
    "memorysetup-main-allocator-block-size=16777216"
    "memorysetup-thread-allocator-block-size=16777216"
    "memorysetup-gfx-main-allocator-block-size=16777216"
    "memorysetup-gfx-thread-allocator-block-size=16777216"
    "memorysetup-cache-allocator-block-size=4194304"
    "memorysetup-typetree-allocator-block-size=2097152"
    "memorysetup-profiler-bucket-allocator-granularity=16"
    "memorysetup-profiler-bucket-allocator-bucket-count=8"
    "memorysetup-profiler-bucket-allocator-block-size=33554432"
    "memorysetup-profiler-bucket-allocator-block-count=8"
    "memorysetup-profiler-allocator-block-size=16777216"
    "memorysetup-profiler-editor-allocator-block-size=1048576"
    "memorysetup-temp-allocator-size-main=16777216"
    "memorysetup-job-temp-allocator-block-size=2097152"
    "memorysetup-job-temp-allocator-block-size-background=1048576"
    "memorysetup-job-temp-allocator-reduction-small-platforms=262144"
    "memorysetup-temp-allocator-size-background-worker=32768"
    "memorysetup-temp-allocator-size-job-worker=262144"
    "memorysetup-temp-allocator-size-preload-manager=33554432"
    "memorysetup-temp-allocator-size-nav-mesh-worker=65536"
    "memorysetup-temp-allocator-size-audio-worker=65536"
    "memorysetup-temp-allocator-size-cloud-worker=32768"
    "memorysetup-temp-allocator-size-gi-baking-worker=262144"
    "memorysetup-temp-allocator-size-gfx=262144"
Player connection [6200] Host "[IP] 172.24.0.1 [Port] 0 [Flags] 2 [Guid] 648584746 [EditorId] 648584746 [Version] 1048832 [Id] WindowsEditor(7,DESKTOP-0PHSHCB) [Debug] 1 [PackageName] WindowsEditor [ProjectName] Editor" joined multi-casting on [225.0.0.222:54997]...

Player connection [6200] Host "[IP] 172.24.0.1 [Port] 0 [Flags] 2 [Guid] 648584746 [EditorId] 648584746 [Version] 1048832 [Id] WindowsEditor(7,DESKTOP-0PHSHCB) [Debug] 1 [PackageName] WindowsEditor [ProjectName] Editor" joined alternative multi-casting on [225.0.0.222:34997]...

Refreshing native plugins compatible for Editor in 523.25 ms, found 10 plugins.
Preloading 0 native plugins for Editor in 0.00 ms.
Initialize engine version: 2022.2.8f1 (996aee41dc57)
[Subsystems] Discovering subsystems at path C:/Program Files/Unity/Hub/Editor/2022.2.8f1/Editor/Data/Resources/UnitySubsystems
[Subsystems] Discovering subsystems at path D:/Documents/UniMappe/6 semester/P6/P6github/Assets
GfxDevice: creating device client; threaded=0; jobified=0
Direct3D:
    Version:  Direct3D 11.0 [level 11.1]
    Renderer: NVIDIA GeForce GTX 1070 (ID=0x1be1)
    Vendor:   NVIDIA
    VRAM:     8081 MB
    Driver:   30.0.15.1215
Initialize mono
Mono path[0] = 'C:/Program Files/Unity/Hub/Editor/2022.2.8f1/Editor/Data/Managed'
Mono path[1] = 'C:/Program Files/Unity/Hub/Editor/2022.2.8f1/Editor/Data/MonoBleedingEdge/lib/mono/unityjit-win32'
Mono config path = 'C:/Program Files/Unity/Hub/Editor/2022.2.8f1/Editor/Data/MonoBleedingEdge/etc'
Using monoOptions --debugger-agent=transport=dt_socket,embedding=1,server=y,suspend=n,address=127.0.0.1:56556
Begin MonoManager ReloadAssembly
Registering precompiled unity dll's ...
Register platform support module: C:/Program Files/Unity/Hub/Editor/2022.2.8f1/Editor/Data/PlaybackEngines/WindowsStandaloneSupport/UnityEditor.WindowsStandalone.Extensions.dll
Registered in 0.016733 seconds.
- Loaded All Assemblies, in  0.573 seconds
Native extension for WindowsStandalone target not found
Mono: successfully reloaded assembly
- Finished resetting the current domain, in  0.397 seconds
Domain Reload Profiling:
	ReloadAssembly (393ms)
		BeginReloadAssembly (233ms)
			ExecutionOrderSort (0ms)
			DisableScriptedObjects (0ms)
			BackupInstance (0ms)
			ReleaseScriptingObjects (0ms)
			CreateAndSetChildDomain (1ms)
		LoadAllAssembliesAndSetupDomain (0ms)
			LoadAssemblies (229ms)
			RebuildTransferFunctionScriptingTraits (0ms)
			SetupTypeCache (167ms)
				TypeCache.Initialize (166ms)
					TypeCache.ScanAssembly (164ms)
				ResolveRequiredComponents (1ms)
		FinalizeReload (0ms)
			ReleaseScriptCaches (0ms)
			RebuildScriptCaches (0ms)
			SetupLoadedEditorAssemblies (317ms)
				LogAssemblyErrors (0ms)
				InitializePlatformSupportModulesInManaged (16ms)
				SetLoadedEditorAssemblies (14ms)
				RefreshPlugins (0ms)
				BeforeProcessingInitializeOnLoad (1ms)
				ProcessInitializeOnLoadAttributes (190ms)
				ProcessInitializeOnLoadMethodAttributes (96ms)
				AfterProcessingInitializeOnLoad (0ms)
				EditorAssembliesLoaded (0ms)
			ExecutionOrderSort2 (0ms)
			AwakeInstancesAfterBackupRestoration (0ms)
========================================================================
Worker process is ready to serve import requests
Begin MonoManager ReloadAssembly
Assembly 'Assets/MobileDependencyResolver/Editor/Google.IOSResolver.dll' will not be loaded due to errors:
Unable to resolve reference 'UnityEditor.iOS.Extensions.Xcode'. Is the assembly missing or incompatible with the current platform?
Reference validation can be disabled in the Plugin Inspector.
- Loaded All Assemblies, in  1.622 seconds
Refreshing native plugins compatible for Editor in 10.74 ms, found 10 plugins.
Native extension for WindowsStandalone target not found
Mono: successfully reloaded assembly
- Finished resetting the current domain, in  0.980 seconds
Domain Reload Profiling:
	ReloadAssembly (285ms)
		BeginReloadAssembly (178ms)
			ExecutionOrderSort (0ms)
			DisableScriptedObjects (6ms)
			BackupInstance (0ms)
			ReleaseScriptingObjects (0ms)
			CreateAndSetChildDomain (34ms)
		LoadAllAssembliesAndSetupDomain (1333ms)
			LoadAssemblies (945ms)
			RebuildTransferFunctionScriptingTraits (0ms)
			SetupTypeCache (470ms)
				TypeCache.Initialize (294ms)
					TypeCache.ScanAssembly (290ms)
				ResolveRequiredComponents (4ms)
		FinalizeReload (0ms)
			ReleaseScriptCaches (0ms)
			RebuildScriptCaches (0ms)
			SetupLoadedEditorAssemblies (766ms)
				LogAssemblyErrors (0ms)
				InitializePlatformSupportModulesInManaged (13ms)
				SetLoadedEditorAssemblies (11ms)
				RefreshPlugins (0ms)
				BeforeProcessingInitializeOnLoad (121ms)
				ProcessInitializeOnLoadAttributes (366ms)
				ProcessInitializeOnLoadMethodAttributes (238ms)
				AfterProcessingInitializeOnLoad (15ms)
				EditorAssembliesLoaded (0ms)
			ExecutionOrderSort2 (0ms)
			AwakeInstancesAfterBackupRestoration (13ms)
Launched and connected shader compiler UnityShaderCompiler.exe after 0.19 seconds
Refreshing native plugins compatible for Editor in 30.12 ms, found 10 plugins.
Preloading 0 native plugins for Editor in 0.00 ms.
Unloading 2517 Unused Serialized files (Serialized files now loaded: 0)
Unloading 75 unused Assets / (90.3 KB). Loaded Objects now: 2976.
Memory consumption went from 409.8 MB to 409.7 MB.
Total: 10.479900 ms (FindLiveObjects: 0.328300 ms CreateObjectMapping: 0.278700 ms MarkObjects: 9.598000 ms  DeleteObjects: 0.273600 ms)

AssetImportParameters requested are different than current active one (requested -> active):
  custom:video-decoder-webm-vp8: 9c59270c3fd7afecdb556c50c9e8de78 -> 
  custom:container-demuxer-ogg: 62fdf1f143b41e24485cea50d1cbac27 -> 
  custom:AudioImporter_EditorPlatform: d09bf68614088b80899f8185d706f6e7 -> 
  custom:video-codec-MediaFoundation-h265: 746d11721c4dcdbdad8f713fa42b33f4 -> 
  custom:video-decoder-ogg-theora: a1e56fd34408186e4bbccfd4996cb3dc -> 
  custom:framework-win-MediaFoundation: 216162199b28c13a410421893ffa2e32 -> 
  custom:video-encoder-webm-vp8: eb34c28f22e8b96e1ab97ce403110664 -> 
  custom:audio-decoder-ogg-vorbis: bf7c407c2cedff20999df2af8eb42d56 -> 
  custom:container-demuxer-webm: 4f35f7cbe854078d1ac9338744f61a02 -> 
  custom:audio-encoder-webm-vorbis: bf7c407c2cedff20999df2af8eb42d56 -> 
  custom:container-muxer-webm: aa71ff27fc2769a1b78a27578f13a17b -> 
========================================================================
Received Import Request.
  Time since last request: 189442.536817 seconds.
  path: Assets/waypoint.png
  artifactKey: Guid(7f88bd575939883408fbbdf806fddf83) Importer(815301076,1909f56bfc062723c751e8b465ee728b)
Start importing Assets/waypoint.png using Guid(7f88bd575939883408fbbdf806fddf83) Importer(815301076,1909f56bfc062723c751e8b465ee728b)  -> (artifact id: 'a3a67b0b08a0c0044c38c4c3b73811a6') in 0.068711 seconds 
Number of updated asset objects reloaded before import = 0
Number of asset objects unloaded after import = 2
========================================================================
Received Import Request.
  Time since last request: 50.658371 seconds.
  path: Assets/New Material.mat
  artifactKey: Guid(b91cd61dfe34657479c947a8b795f670) Importer(815301076,1909f56bfc062723c751e8b465ee728b)
Start importing Assets/New Material.mat using Guid(b91cd61dfe34657479c947a8b795f670) Importer(815301076,1909f56bfc062723c751e8b465ee728b)  -> (artifact id: '3481d965d79e4c3bda3fb2ec1ec9ee14') in 0.161185 seconds 
Number of updated asset objects reloaded before import = 0
Number of asset objects unloaded after import = 1
========================================================================
Received Import Request.
  Time since last request: 86.660096 seconds.
  path: Assets/Waypoint.mat
  artifactKey: Guid(b91cd61dfe34657479c947a8b795f670) Importer(815301076,1909f56bfc062723c751e8b465ee728b)
Start importing Assets/Waypoint.mat using Guid(b91cd61dfe34657479c947a8b795f670) Importer(815301076,1909f56bfc062723c751e8b465ee728b)  -> (artifact id: 'f17aca02ee34d74454efadfb22dd7698') in 0.012491 seconds 
Number of updated asset objects reloaded before import = 0
Number of asset objects unloaded after import = 1
========================================================================
Received Import Request.
  Time since last request: 20.242747 seconds.
  path: Assets/waypoint.png
  artifactKey: Guid(7f88bd575939883408fbbdf806fddf83) Importer(815301076,1909f56bfc062723c751e8b465ee728b)
Start importing Assets/waypoint.png using Guid(7f88bd575939883408fbbdf806fddf83) Importer(815301076,1909f56bfc062723c751e8b465ee728b)  -> (artifact id: '75406674d90888a890745baf08bd645d') in 0.021713 seconds 
Number of updated asset objects reloaded before import = 0
Number of asset objects unloaded after import = 3
========================================================================
Received Import Request.
  Time since last request: 29.034158 seconds.
  path: Assets/PBR Materials Lite/Textures/Asphalt_01/Asphalt_01_basecolor.png
  artifactKey: Guid(74cde26a9c55c1b418230582770aec0c) Importer(815301076,1909f56bfc062723c751e8b465ee728b)
Start importing Assets/PBR Materials Lite/Textures/Asphalt_01/Asphalt_01_basecolor.png using Guid(74cde26a9c55c1b418230582770aec0c) Importer(815301076,1909f56bfc062723c751e8b465ee728b)  -> (artifact id: 'ef74f36f33a78f0e0068c3f390ffc65e') in 0.094879 seconds 
Number of updated asset objects reloaded before import = 0
Number of asset objects unloaded after import = 2
========================================================================
Received Import Request.
  Time since last request: 0.000027 seconds.
  path: Assets/PBR Materials Lite/Textures/Brick Wall_01/Brick_Wall_01_ambientocclusion.png
  artifactKey: Guid(682ca7c9a03748240b95188e2b4c9be0) Importer(815301076,1909f56bfc062723c751e8b465ee728b)
Start importing Assets/PBR Materials Lite/Textures/Brick Wall_01/Brick_Wall_01_ambientocclusion.png using Guid(682ca7c9a03748240b95188e2b4c9be0) Importer(815301076,1909f56bfc062723c751e8b465ee728b)  -> (artifact id: '8f150eb8f2051bdeb13d41c13d19dd2f') in 0.057797 seconds 
Number of updated asset objects reloaded before import = 0
Number of asset objects unloaded after import = 2
========================================================================
Received Import Request.
  Time since last request: 0.000155 seconds.
  path: Assets/PBR Materials Lite/Textures/Brick Wall_01/Brick_Wall_01_metallic.png
  artifactKey: Guid(d9510bc4630d85a4fa7dd23bd7613241) Importer(815301076,1909f56bfc062723c751e8b465ee728b)
Start importing Assets/PBR Materials Lite/Textures/Brick Wall_01/Brick_Wall_01_metallic.png using Guid(d9510bc4630d85a4fa7dd23bd7613241) Importer(815301076,1909f56bfc062723c751e8b465ee728b)  -> (artifact id: 'e1703bb0832c7ac583b3ba76f332fc35') in 0.046091 seconds 
Number of updated asset objects reloaded before import = 0
Number of asset objects unloaded after import = 2
========================================================================
Received Import Request.
  Time since last request: 0.000025 seconds.
  path: Assets/PBR Materials Lite/Textures/Brick Wall_01/Brick_Wall_01_roughness.png
  artifactKey: Guid(fe4c461d7739a39429f51b654d603cce) Importer(815301076,1909f56bfc062723c751e8b465ee728b)
Start importing Assets/PBR Materials Lite/Textures/Brick Wall_01/Brick_Wall_01_roughness.png using Guid(fe4c461d7739a39429f51b654d603cce) Importer(815301076,1909f56bfc062723c751e8b465ee728b)  -> (artifact id: '1ee79c1cd470fe8d38e8e752ce71b3f6') in 0.154282 seconds 
Number of updated asset objects reloaded before import = 0
Number of asset objects unloaded after import = 2
========================================================================
Received Import Request.
  Time since last request: 0.000078 seconds.
  path: Assets/PBR Materials Lite/Textures/Brick Wall_01/Brick_Wall_01_height.png
  artifactKey: Guid(355e134820f399b42adacf9d188219d7) Importer(815301076,1909f56bfc062723c751e8b465ee728b)
Start importing Assets/PBR Materials Lite/Textures/Brick Wall_01/Brick_Wall_01_height.png using Guid(355e134820f399b42adacf9d188219d7) Importer(815301076,1909f56bfc062723c751e8b465ee728b)  -> (artifact id: '819c28cefd31190bf7f645fc4f0fa43d') in 0.079702 seconds 
Number of updated asset objects reloaded before import = 0
Number of asset objects unloaded after import = 2
========================================================================
Received Import Request.
  Time since last request: 0.000033 seconds.
  path: Assets/PBR Materials Lite/Textures/Asphalt_01/Asphalt_01_roughness.png
  artifactKey: Guid(42e3cf02302691540b5a37344e884409) Importer(815301076,1909f56bfc062723c751e8b465ee728b)
Start importing Assets/PBR Materials Lite/Textures/Asphalt_01/Asphalt_01_roughness.png using Guid(42e3cf02302691540b5a37344e884409) Importer(815301076,1909f56bfc062723c751e8b465ee728b)  -> (artifact id: '2546465c83fc7701e629d06ca18d46ff') in 0.107406 seconds 
Number of updated asset objects reloaded before import = 0
Number of asset objects unloaded after import = 2
========================================================================
Received Import Request.
  Time since last request: 0.000039 seconds.
  path: Assets/PBR Materials Lite/Textures/Brick Wall_01/Brick_Wall_01_normal.png
  artifactKey: Guid(084bfc7b2d7682e4c889229da02b65c5) Importer(815301076,1909f56bfc062723c751e8b465ee728b)
Start importing Assets/PBR Materials Lite/Textures/Brick Wall_01/Brick_Wall_01_normal.png using Guid(084bfc7b2d7682e4c889229da02b65c5) Importer(815301076,1909f56bfc062723c751e8b465ee728b)  -> (artifact id: '8dc71ff4a28083194f07b27092f0d7f6') in 0.159768 seconds 
Number of updated asset objects reloaded before import = 0
Number of asset objects unloaded after import = 2
========================================================================
Received Import Request.
  Time since last request: 4.599589 seconds.
  path: Packages/com.unity.collab-proxy/Editor/PlasticSCM/Assets/Images/d_iconplasticview.png
  artifactKey: Guid(519d97e745e55f041b609f3666cbc037) Importer(815301076,1909f56bfc062723c751e8b465ee728b)
Start importing Packages/com.unity.collab-proxy/Editor/PlasticSCM/Assets/Images/d_iconplasticview.png using Guid(519d97e745e55f041b609f3666cbc037) Importer(815301076,1909f56bfc062723c751e8b465ee728b)  -> (artifact id: '7925de2bb2adce97b88ede679a3a06e5') in 0.050030 seconds 
Number of updated asset objects reloaded before import = 0
Number of asset objects unloaded after import = 3
========================================================================
Received Import Request.
  Time since last request: 0.086485 seconds.
  path: Packages/com.unity.collab-proxy/Editor/PlasticSCM/Assets/Images/d_iconplasticviewnotify.png
  artifactKey: Guid(df7dbac99fae5444f92b497c52f0ecfb) Importer(815301076,1909f56bfc062723c751e8b465ee728b)
Start importing Packages/com.unity.collab-proxy/Editor/PlasticSCM/Assets/Images/d_iconplasticviewnotify.png using Guid(df7dbac99fae5444f92b497c52f0ecfb) Importer(815301076,1909f56bfc062723c751e8b465ee728b)  -> (artifact id: '4e5a0f0b325447f1edb336b6b1b4ce81') in 0.009491 seconds 
Number of updated asset objects reloaded before import = 0
Number of asset objects unloaded after import = 3
========================================================================
Received Import Request.
  Time since last request: 0.000021 seconds.
  path: Assets/_Heathen Engineering/Assets/UX/Icons/Flat Icons [Free]/Free Flat Arrow 1 NE Icon.png
  artifactKey: Guid(279a7f16bcc31014ea2d1e135f042805) Importer(815301076,1909f56bfc062723c751e8b465ee728b)
Start importing Assets/_Heathen Engineering/Assets/UX/Icons/Flat Icons [Free]/Free Flat Arrow 1 NE Icon.png using Guid(279a7f16bcc31014ea2d1e135f042805) Importer(815301076,1909f56bfc062723c751e8b465ee728b)  -> (artifact id: 'aaa2b59720eb816ade51fd950b14d83d') in 0.006617 seconds 
Number of updated asset objects reloaded before import = 0
Number of asset objects unloaded after import = 2
========================================================================
Received Import Request.
  Time since last request: 0.000047 seconds.
  path: Assets/_Heathen Engineering/Assets/UX/Icons/Flat Icons [Free]/Free Flat Arrow 1 S Icon.png
  artifactKey: Guid(d1c17021ca3abd240940b57bdb8a735b) Importer(815301076,1909f56bfc062723c751e8b465ee728b)
Start importing Assets/_Heathen Engineering/Assets/UX/Icons/Flat Icons [Free]/Free Flat Arrow 1 S Icon.png using Guid(d1c17021ca3abd240940b57bdb8a735b) Importer(815301076,1909f56bfc062723c751e8b465ee728b)  -> (artifact id: '64564825d8984879fcbcfd5531df2c37') in 0.006244 seconds 
Number of updated asset objects reloaded before import = 0
Number of asset objects unloaded after import = 2
========================================================================
Received Import Request.
  Time since last request: 0.000017 seconds.
  path: Assets/_Heathen Engineering/Assets/UX/Icons/Flat Icons [Free]/Free Flat Arrow 1 SW Icon.png
  artifactKey: Guid(5a459e69f1835a3478400adb5f1138f9) Importer(815301076,1909f56bfc062723c751e8b465ee728b)
Start importing Assets/_Heathen Engineering/Assets/UX/Icons/Flat Icons [Free]/Free Flat Arrow 1 SW Icon.png using Guid(5a459e69f1835a3478400adb5f1138f9) Importer(815301076,1909f56bfc062723c751e8b465ee728b)  -> (artifact id: 'b2c76fced96cd8b96800e454ef82d4f9') in 0.006044 seconds 
Number of updated asset objects reloaded before import = 0
Number of asset objects unloaded after import = 2
========================================================================
Received Import Request.
  Time since last request: 0.000023 seconds.
  path: Assets/_Heathen Engineering/Assets/UX/Icons/Flat Icons [Free]/Free Flat Arrow 2 NE Icon.png
  artifactKey: Guid(dbd95e0b0a894e24c80c1feabe91c32b) Importer(815301076,1909f56bfc062723c751e8b465ee728b)
Start importing Assets/_Heathen Engineering/Assets/UX/Icons/Flat Icons [Free]/Free Flat Arrow 2 NE Icon.png using Guid(dbd95e0b0a894e24c80c1feabe91c32b) Importer(815301076,1909f56bfc062723c751e8b465ee728b)  -> (artifact id: '735679335b0cbc5ab7d6152c4218570f') in 0.010587 seconds 
Number of updated asset objects reloaded before import = 0
Number of asset objects unloaded after import = 2
========================================================================
Received Import Request.
  Time since last request: 0.000079 seconds.
  path: Assets/_Heathen Engineering/Assets/UX/Icons/Flat Icons [Free]/Free Flat Arrow 2 S Icon.png
  artifactKey: Guid(3fcadb60666ffdc4ca5aaae842a00cb5) Importer(815301076,1909f56bfc062723c751e8b465ee728b)
Start importing Assets/_Heathen Engineering/Assets/UX/Icons/Flat Icons [Free]/Free Flat Arrow 2 S Icon.png using Guid(3fcadb60666ffdc4ca5aaae842a00cb5) Importer(815301076,1909f56bfc062723c751e8b465ee728b)  -> (artifact id: 'c2c5af05c0448dd6f0e8139e949fd205') in 0.006209 seconds 
Number of updated asset objects reloaded before import = 0
Number of asset objects unloaded after import = 2
========================================================================
Received Import Request.
  Time since last request: 0.000043 seconds.
  path: Assets/_Heathen Engineering/Assets/UX/Icons/Flat Icons [Free]/Free Flat Arrow 2 E Icon.png
  artifactKey: Guid(e0cd4bae4d3ba9448ae4405c2c6a2ebf) Importer(815301076,1909f56bfc062723c751e8b465ee728b)
Start importing Assets/_Heathen Engineering/Assets/UX/Icons/Flat Icons [Free]/Free Flat Arrow 2 E Icon.png using Guid(e0cd4bae4d3ba9448ae4405c2c6a2ebf) Importer(815301076,1909f56bfc062723c751e8b465ee728b)  -> (artifact id: '141f65dc4fadc86e418b54cc72b80359') in 0.009332 seconds 
Number of updated asset objects reloaded before import = 0
Number of asset objects unloaded after import = 2
========================================================================
Received Import Request.
  Time since last request: 0.000034 seconds.
  path: Assets/_Heathen Engineering/Assets/UX/Icons/Flat Icons [Free]/Free Flat Arrow 1 NW Icon.png
  artifactKey: Guid(374f5d9702e6f8e40b920390c6e57387) Importer(815301076,1909f56bfc062723c751e8b465ee728b)
Start importing Assets/_Heathen Engineering/Assets/UX/Icons/Flat Icons [Free]/Free Flat Arrow 1 NW Icon.png using Guid(374f5d9702e6f8e40b920390c6e57387) Importer(815301076,1909f56bfc062723c751e8b465ee728b)  -> (artifact id: 'c92aeafbd9b802302ef13b819e44373b') in 0.009642 seconds 
Number of updated asset objects reloaded before import = 0
Number of asset objects unloaded after import = 2
========================================================================
Received Import Request.
  Time since last request: 0.000023 seconds.
  path: Packages/com.unity.ai.navigation/EditorResources/d_NavigationWindowIcon.png
  artifactKey: Guid(425f55e9ef81a5e48b87c5d6b1bbf35c) Importer(815301076,1909f56bfc062723c751e8b465ee728b)
Start importing Packages/com.unity.ai.navigation/EditorResources/d_NavigationWindowIcon.png using Guid(425f55e9ef81a5e48b87c5d6b1bbf35c) Importer(815301076,1909f56bfc062723c751e8b465ee728b)  -> (artifact id: '1844de5e7208b46b99bda33d9a5be04a') in 0.008761 seconds 
Number of updated asset objects reloaded before import = 0
Number of asset objects unloaded after import = 2
========================================================================
Received Import Request.
  Time since last request: 0.000032 seconds.
  path: Assets/_Heathen Engineering/Assets/UX/Icons/Flat Icons [Free]/Free Flat Arrow 2 W Icon.png
  artifactKey: Guid(23add5d3efd8ecd49af5c748108f341b) Importer(815301076,1909f56bfc062723c751e8b465ee728b)
Start importing Assets/_Heathen Engineering/Assets/UX/Icons/Flat Icons [Free]/Free Flat Arrow 2 W Icon.png using Guid(23add5d3efd8ecd49af5c748108f341b) Importer(815301076,1909f56bfc062723c751e8b465ee728b)  -> (artifact id: '78dc4926458dbcc35ba07bc7dd21d6e3') in 0.042075 seconds 
Number of updated asset objects reloaded before import = 0
Number of asset objects unloaded after import = 2
========================================================================
Received Import Request.
  Time since last request: 0.000040 seconds.
  path: Assets/_Heathen Engineering/Assets/UX/Icons/Flat Icons [Free]/Free Flat Arrow 1 SE Icon.png
  artifactKey: Guid(b32c7f736da6d414885853c4b34e31d7) Importer(815301076,1909f56bfc062723c751e8b465ee728b)
Start importing Assets/_Heathen Engineering/Assets/UX/Icons/Flat Icons [Free]/Free Flat Arrow 1 SE Icon.png using Guid(b32c7f736da6d414885853c4b34e31d7) Importer(815301076,1909f56bfc062723c751e8b465ee728b)  -> (artifact id: '7e0a24baeb9104405c643394cefec033') in 0.009071 seconds 
Number of updated asset objects reloaded before import = 0
Number of asset objects unloaded after import = 2
========================================================================
Received Import Request.
  Time since last request: 183.999368 seconds.
  path: Assets/Scripts/UnityTelloController
  artifactKey: Guid(3b81385eaec1c5746b6ef33f7e4664bc) Importer(815301076,1909f56bfc062723c751e8b465ee728b)
Start importing Assets/Scripts/UnityTelloController using Guid(3b81385eaec1c5746b6ef33f7e4664bc) Importer(815301076,1909f56bfc062723c751e8b465ee728b)  -> (artifact id: '53da101c036dc9892b63063c7851bb91') in 0.001207 seconds 
Number of updated asset objects reloaded before import = 0
Number of asset objects unloaded after import = 0
========================================================================
Received Import Request.
  Time since last request: 16.436730 seconds.
  path: Assets/Images/Materials
  artifactKey: Guid(8d6230bf24d103e42a997860953c24ca) Importer(815301076,1909f56bfc062723c751e8b465ee728b)
Start importing Assets/Images/Materials using Guid(8d6230bf24d103e42a997860953c24ca) Importer(815301076,1909f56bfc062723c751e8b465ee728b)  -> (artifact id: '8fcd567dcb93b545bcadbb7645213101') in 0.000815 seconds 
Number of updated asset objects reloaded before import = 0
Number of asset objects unloaded after import = 0
========================================================================
Received Import Request.
  Time since last request: 28.582965 seconds.
  path: Assets/Tree_Textures/translucency_gloss.png
  artifactKey: Guid(4a1641e9d6d11fb4c9550543dbf50f4c) Importer(815301076,1909f56bfc062723c751e8b465ee728b)
Start importing Assets/Tree_Textures/translucency_gloss.png using Guid(4a1641e9d6d11fb4c9550543dbf50f4c) Importer(815301076,1909f56bfc062723c751e8b465ee728b)  -> (artifact id: '43995f003f4a38932513b87da76590c7') in 0.068782 seconds 
Number of updated asset objects reloaded before import = 0
Number of asset objects unloaded after import = 2
========================================================================
Received Import Request.
  Time since last request: 0.000097 seconds.
  path: Assets/PBR Materials Lite/Textures/Wood_Floor_01/Wood_Floor_01_basecolor.png
  artifactKey: Guid(8fafedd249e5102469af431323145fc9) Importer(815301076,1909f56bfc062723c751e8b465ee728b)
Start importing Assets/PBR Materials Lite/Textures/Wood_Floor_01/Wood_Floor_01_basecolor.png using Guid(8fafedd249e5102469af431323145fc9) Importer(815301076,1909f56bfc062723c751e8b465ee728b)  -> (artifact id: '9fddb412e1255718a9acdc29e2edfe21') in 0.121116 seconds 
Number of updated asset objects reloaded before import = 0
Number of asset objects unloaded after import = 2
========================================================================
Received Import Request.
  Time since last request: 0.000028 seconds.
  path: Assets/PBR Materials Lite/Textures/Wood_Floor_01/Wood_Floor_01_height.png
  artifactKey: Guid(84a80a61cb39b7d4e9c0b0f98d19ed37) Importer(815301076,1909f56bfc062723c751e8b465ee728b)
Start importing Assets/PBR Materials Lite/Textures/Wood_Floor_01/Wood_Floor_01_height.png using Guid(84a80a61cb39b7d4e9c0b0f98d19ed37) Importer(815301076,1909f56bfc062723c751e8b465ee728b)  -> (artifact id: '417c573c84ee5472b2c97a5ec7ca85ca') in 0.144151 seconds 
Number of updated asset objects reloaded before import = 0
Number of asset objects unloaded after import = 2
========================================================================
Received Import Request.
  Time since last request: 0.000043 seconds.
  path: Assets/PBR Materials Lite/Textures/Wood_Floor_01/Wood_Floor_01_metallic.png
  artifactKey: Guid(fa11445d70e15ae45970d0ef10cd72fb) Importer(815301076,1909f56bfc062723c751e8b465ee728b)
Start importing Assets/PBR Materials Lite/Textures/Wood_Floor_01/Wood_Floor_01_metallic.png using Guid(fa11445d70e15ae45970d0ef10cd72fb) Importer(815301076,1909f56bfc062723c751e8b465ee728b)  -> (artifact id: '460559b8ce528dc7c353cc9eaecd5297') in 0.104192 seconds 
Number of updated asset objects reloaded before import = 0
Number of asset objects unloaded after import = 2
========================================================================
Received Import Request.
  Time since last request: 0.000027 seconds.
  path: Assets/PBR Materials Lite/Textures/Wood_Floor_01/Wood_Floor_01_normal.png
  artifactKey: Guid(439bfb616c181c446bc7e0f21055716e) Importer(815301076,1909f56bfc062723c751e8b465ee728b)
Start importing Assets/PBR Materials Lite/Textures/Wood_Floor_01/Wood_Floor_01_normal.png using Guid(439bfb616c181c446bc7e0f21055716e) Importer(815301076,1909f56bfc062723c751e8b465ee728b)  -> (artifact id: 'bcf2182562def977af6fa8ceee14edb4') in 0.226667 seconds 
Number of updated asset objects reloaded before import = 0
Number of asset objects unloaded after import = 2
========================================================================
Received Import Request.
  Time since last request: 0.000026 seconds.
  path: Assets/PBR Materials Lite/Textures/Wood_Floor_01/Wood_Floor_01_roughness.png
  artifactKey: Guid(84ed35c825e52594abdeeaba84b64654) Importer(815301076,1909f56bfc062723c751e8b465ee728b)
Start importing Assets/PBR Materials Lite/Textures/Wood_Floor_01/Wood_Floor_01_roughness.png using Guid(84ed35c825e52594abdeeaba84b64654) Importer(815301076,1909f56bfc062723c751e8b465ee728b)  -> (artifact id: 'be4056af838211cc753f83fdc7c7b0bc') in 0.113950 seconds 
Number of updated asset objects reloaded before import = 0
Number of asset objects unloaded after import = 2
========================================================================
Received Import Request.
  Time since last request: 35.175677 seconds.
  path: Assets/Materials/Materials
  artifactKey: Guid(6ae69fca595f56744baa8cc8a47de718) Importer(815301076,1909f56bfc062723c751e8b465ee728b)
Start importing Assets/Materials/Materials using Guid(6ae69fca595f56744baa8cc8a47de718) Importer(815301076,1909f56bfc062723c751e8b465ee728b)  -> (artifact id: '7c61f7d8c960ba427cf975d1e66a5682') in 0.000684 seconds 
Number of updated asset objects reloaded before import = 0
Number of asset objects unloaded after import = 0
========================================================================
Received Import Request.
  Time since last request: 37.500948 seconds.
  path: Assets/Images/Materials/New Material.mat
  artifactKey: Guid(d14a70f33b9bb53459c9cf1585480b14) Importer(815301076,1909f56bfc062723c751e8b465ee728b)
Start importing Assets/Images/Materials/New Material.mat using Guid(d14a70f33b9bb53459c9cf1585480b14) Importer(815301076,1909f56bfc062723c751e8b465ee728b)  -> (artifact id: '366366ddf0f95d0fb3f3b48c79da6cd9') in 0.012399 seconds 
Number of updated asset objects reloaded before import = 0
Number of asset objects unloaded after import = 1
========================================================================
Received Import Request.
  Time since last request: 60.196697 seconds.
  path: Assets/Images/Materials/New Material 1.mat
  artifactKey: Guid(c2e50520f3ccde043a3cb9e57484cf37) Importer(815301076,1909f56bfc062723c751e8b465ee728b)
Start importing Assets/Images/Materials/New Material 1.mat using Guid(c2e50520f3ccde043a3cb9e57484cf37) Importer(815301076,1909f56bfc062723c751e8b465ee728b)  -> (artifact id: 'cbeb49a246215f8594b9b24559695144') in 0.009536 seconds 
Number of updated asset objects reloaded before import = 0
Number of asset objects unloaded after import = 1
========================================================================
Received Import Request.
  Time since last request: 13.980668 seconds.
  path: Assets/Images/Materials/waypoint.png
  artifactKey: Guid(7f88bd575939883408fbbdf806fddf83) Importer(815301076,1909f56bfc062723c751e8b465ee728b)
Start importing Assets/Images/Materials/waypoint.png using Guid(7f88bd575939883408fbbdf806fddf83) Importer(815301076,1909f56bfc062723c751e8b465ee728b)  -> (artifact id: 'db6ba3ed85409f4b3a9928ecb846e6d4') in 0.008277 seconds 
Number of updated asset objects reloaded before import = 0
Number of asset objects unloaded after import = 2
========================================================================
Received Import Request.
  Time since last request: 11.980335 seconds.
  path: Assets/Images/Materials/waypoint.png
  artifactKey: Guid(7f88bd575939883408fbbdf806fddf83) Importer(815301076,1909f56bfc062723c751e8b465ee728b)
Start importing Assets/Images/Materials/waypoint.png using Guid(7f88bd575939883408fbbdf806fddf83) Importer(815301076,1909f56bfc062723c751e8b465ee728b)  -> (artifact id: 'e6ee60abae15e7751471d6fad166777d') in 0.018841 seconds 
Number of updated asset objects reloaded before import = 0
Number of asset objects unloaded after import = 2
